This is XeTeX, Version 3.14159265-2.6-0.99999 (TeX Live 2018) (preloaded format=xelatex 2018.6.25)  20 AUG 2018 23:46
entering extended mode
 restricted \write18 enabled.
 file:line:error style messages enabled.
 %&-line parsing enabled.
**/Users/william/Desktop/resume/resume-zh_CN
(/Users/william/Desktop/resume/resume-zh_CN.tex
LaTeX2e <2018-04-01> patch level 2
Babel <3.18> and hyphenation patterns for 84 language(s) loaded.
(./resume.cls
Document Class: resume 2015/05/25 An elegant Résumé class
(/usr/local/texlive/2018/texmf-dist/tex/latex/base/article.cls
Document Class: article 2014/09/29 v1.4h Standard LaTeX document class
(/usr/local/texlive/2018/texmf-dist/tex/latex/base/size11.clo
File: size11.clo 2014/09/29 v1.4h Standard LaTeX file (size option)
)
\c@part=\count80
\c@section=\count81
\c@subsection=\count82
\c@subsubsection=\count83
\c@paragraph=\count84
\c@subparagraph=\count85
\c@figure=\count86
\c@table=\count87
\abovecaptionskip=\skip41
\belowcaptionskip=\skip42
\bibindent=\dimen102
)
(/usr/local/texlive/2018/texmf-dist/tex/latex/xltxtra/xltxtra.sty
Package: xltxtra 2016/01/21 v0.6 Improvements for the "XeLaTeX" format

(/usr/local/texlive/2018/texmf-dist/tex/generic/oberdiek/ifluatex.sty
Package: ifluatex 2016/05/16 v1.4 Provides the ifluatex switch (HO)
Package ifluatex Info: LuaTeX not detected.
)
(/usr/local/texlive/2018/texmf-dist/tex/generic/ifxetex/ifxetex.sty
Package: ifxetex 2010/09/12 v0.6 Provides ifxetex conditional
)
(/usr/local/texlive/2018/texmf-dist/tex/latex/fontspec/fontspec.sty
(/usr/local/texlive/2018/texmf-dist/tex/latex/l3packages/xparse/xparse.sty
(/usr/local/texlive/2018/texmf-dist/tex/latex/l3kernel/expl3.sty
Package: expl3 2018/03/05 L3 programming layer (loader) 

(/usr/local/texlive/2018/texmf-dist/tex/latex/l3kernel/expl3-code.tex
Package: expl3 2018/03/05 L3 programming layer (code)
\c_max_int=\count88
\l_tmpa_int=\count89
\l_tmpb_int=\count90
\g_tmpa_int=\count91
\g_tmpb_int=\count92
\g__intarray_font_int=\count93
\g__prg_map_int=\count94
\c_log_iow=\count95
\l_iow_line_count_int=\count96
\l__iow_line_target_int=\count97
\l__iow_one_indent_int=\count98
\l__iow_indent_int=\count99
\c_zero_dim=\dimen103
\c_max_dim=\dimen104
\l_tmpa_dim=\dimen105
\l_tmpb_dim=\dimen106
\g_tmpa_dim=\dimen107
\g_tmpb_dim=\dimen108
\c_zero_skip=\skip43
\c_max_skip=\skip44
\l_tmpa_skip=\skip45
\l_tmpb_skip=\skip46
\g_tmpa_skip=\skip47
\g_tmpb_skip=\skip48
\c_zero_muskip=\muskip10
\c_max_muskip=\muskip11
\l_tmpa_muskip=\muskip12
\l_tmpb_muskip=\muskip13
\g_tmpa_muskip=\muskip14
\g_tmpb_muskip=\muskip15
\l_keys_choice_int=\count100
\c__fp_leading_shift_int=\count101
\c__fp_middle_shift_int=\count102
\c__fp_trailing_shift_int=\count103
\c__fp_big_leading_shift_int=\count104
\c__fp_big_middle_shift_int=\count105
\c__fp_big_trailing_shift_int=\count106
\c__fp_Bigg_leading_shift_int=\count107
\c__fp_Bigg_middle_shift_int=\count108
\c__fp_Bigg_trailing_shift_int=\count109
\l__sort_length_int=\count110
\l__sort_min_int=\count111
\l__sort_top_int=\count112
\l__sort_max_int=\count113
\l__sort_true_max_int=\count114
\l__sort_block_int=\count115
\l__sort_begin_int=\count116
\l__sort_end_int=\count117
\l__sort_A_int=\count118
\l__sort_B_int=\count119
\l__sort_C_int=\count120
\l__tl_build_start_index_int=\count121
\l__tl_build_index_int=\count122
\l__tl_analysis_normal_int=\count123
\l__tl_analysis_index_int=\count124
\l__tl_analysis_nesting_int=\count125
\l__tl_analysis_type_int=\count126
\l__regex_internal_a_int=\count127
\l__regex_internal_b_int=\count128
\l__regex_internal_c_int=\count129
\l__regex_balance_int=\count130
\l__regex_group_level_int=\count131
\l__regex_mode_int=\count132
\c__regex_cs_in_class_mode_int=\count133
\c__regex_cs_mode_int=\count134
\l__regex_catcodes_int=\count135
\l__regex_default_catcodes_int=\count136
\c__regex_catcode_L_int=\count137
\c__regex_catcode_O_int=\count138
\c__regex_catcode_A_int=\count139
\c__regex_all_catcodes_int=\count140
\l__regex_show_lines_int=\count141
\l__regex_min_state_int=\count142
\l__regex_max_state_int=\count143
\l__regex_left_state_int=\count144
\l__regex_right_state_int=\count145
\l__regex_capturing_group_int=\count146
\l__regex_min_pos_int=\count147
\l__regex_max_pos_int=\count148
\l__regex_curr_pos_int=\count149
\l__regex_start_pos_int=\count150
\l__regex_success_pos_int=\count151
\l__regex_curr_char_int=\count152
\l__regex_curr_catcode_int=\count153
\l__regex_last_char_int=\count154
\l__regex_case_changed_char_int=\count155
\l__regex_curr_state_int=\count156
\l__regex_step_int=\count157
\l__regex_min_active_int=\count158
\l__regex_max_active_int=\count159
\l__regex_replacement_csnames_int=\count160
\l__regex_match_count_int=\count161
\l__regex_min_submatch_int=\count162
\l__regex_submatch_int=\count163
\l__regex_zeroth_submatch_int=\count164
\g__regex_trace_regex_int=\count165
\c_empty_box=\box26
\l_tmpa_box=\box27
\l_tmpb_box=\box28
\g_tmpa_box=\box29
\g_tmpb_box=\box30
\l__box_top_dim=\dimen109
\l__box_bottom_dim=\dimen110
\l__box_left_dim=\dimen111
\l__box_right_dim=\dimen112
\l__box_top_new_dim=\dimen113
\l__box_bottom_new_dim=\dimen114
\l__box_left_new_dim=\dimen115
\l__box_right_new_dim=\dimen116
\l__box_internal_box=\box31
\l__coffin_internal_box=\box32
\l__coffin_internal_dim=\dimen117
\l__coffin_offset_x_dim=\dimen118
\l__coffin_offset_y_dim=\dimen119
\l__coffin_x_dim=\dimen120
\l__coffin_y_dim=\dimen121
\l__coffin_x_prime_dim=\dimen122
\l__coffin_y_prime_dim=\dimen123
\c_empty_coffin=\box33
\l__coffin_aligned_coffin=\box34
\l__coffin_aligned_internal_coffin=\box35
\l_tmpa_coffin=\box36
\l_tmpb_coffin=\box37
\l__coffin_display_coffin=\box38
\l__coffin_display_coord_coffin=\box39
\l__coffin_display_pole_coffin=\box40
\l__coffin_display_offset_dim=\dimen124
\l__coffin_display_x_dim=\dimen125
\l__coffin_display_y_dim=\dimen126
\l__coffin_bounding_shift_dim=\dimen127
\l__coffin_left_corner_dim=\dimen128
\l__coffin_right_corner_dim=\dimen129
\l__coffin_bottom_corner_dim=\dimen130
\l__coffin_top_corner_dim=\dimen131
\l__coffin_scaled_total_height_dim=\dimen132
\l__coffin_scaled_width_dim=\dimen133
)
(/usr/local/texlive/2018/texmf-dist/tex/latex/l3kernel/l3xdvipdfmx.def
File: l3xdvidpfmx.def 2017/03/18 v L3 Experimental driver: xdvipdfmx
\g__driver_image_int=\count166
))
Package: xparse 2018/02/21 L3 Experimental document command parser
\l__xparse_current_arg_int=\count167
\g__xparse_grabber_int=\count168
\l__xparse_m_args_int=\count169
\l__xparse_mandatory_args_int=\count170
\l__xparse_v_nesting_int=\count171
)
Package: fontspec 2017/11/09 v2.6g Font selection for XeLaTeX and LuaLaTeX

(/usr/local/texlive/2018/texmf-dist/tex/latex/fontspec/fontspec-xetex.sty
Package: fontspec-xetex 2017/11/09 v2.6g Font selection for XeLaTeX and LuaLaTe
X
\l__fontspec_script_int=\count172
\l__fontspec_language_int=\count173
\l__fontspec_strnum_int=\count174
\l__fontspec_tmp_int=\count175
\l__fontspec_em_int=\count176
\l__fontspec_emdef_int=\count177
\l__fontspec_strong_int=\count178
\l__fontspec_strongdef_int=\count179
\l__fontspec_tmpa_dim=\dimen134
\l__fontspec_tmpb_dim=\dimen135
\l__fontspec_tmpc_dim=\dimen136
\g__file_internal_ior=\read1

(/usr/local/texlive/2018/texmf-dist/tex/latex/base/fontenc.sty
Package: fontenc 2017/04/05 v2.0i Standard LaTeX package

(/usr/local/texlive/2018/texmf-dist/tex/latex/base/tuenc.def
File: tuenc.def 2017/04/05 v2.0i Standard LaTeX file
LaTeX Font Info:    Redeclaring font encoding TU on input line 82.
))
.................................................
. LaTeX info: "xparse/define-command"
. 
. Defining command \fontspec with sig. 'O{}mO{}' on line 542.
.................................................
.................................................
. LaTeX info: "xparse/define-command"
. 
. Defining command \setmainfont with sig. 'O{}mO{}' on line 546.
.................................................
.................................................
. LaTeX info: "xparse/define-command"
. 
. Defining command \setsansfont with sig. 'O{}mO{}' on line 550.
.................................................
.................................................
. LaTeX info: "xparse/define-command"
. 
. Defining command \setmonofont with sig. 'O{}mO{}' on line 554.
.................................................
.................................................
. LaTeX info: "xparse/define-command"
. 
. Defining command \setmathrm with sig. 'O{}mO{}' on line 558.
.................................................
.................................................
. LaTeX info: "xparse/define-command"
. 
. Defining command \setboldmathrm with sig. 'O{}mO{}' on line 562.
.................................................
.................................................
. LaTeX info: "xparse/define-command"
. 
. Defining command \setmathsf with sig. 'O{}mO{}' on line 566.
.................................................
.................................................
. LaTeX info: "xparse/define-command"
. 
. Defining command \setmathtt with sig. 'O{}mO{}' on line 570.
.................................................
.................................................
. LaTeX info: "xparse/define-command"
. 
. Defining command \setromanfont with sig. 'O{}mO{}' on line 574.
.................................................
.................................................
. LaTeX info: "xparse/define-command"
. 
. Defining command \newfontfamily with sig. 'mO{}mO{}' on line 578.
.................................................
.................................................
. LaTeX info: "xparse/define-command"
. 
. Defining command \newfontface with sig. 'mO{}mO{}' on line 582.
.................................................
.................................................
. LaTeX info: "xparse/define-command"
. 
. Defining command \defaultfontfeatures with sig. 't+om' on line 586.
.................................................
.................................................
. LaTeX info: "xparse/define-command"
. 
. Defining command \addfontfeatures with sig. 'm' on line 590.
.................................................
.................................................
. LaTeX info: "xparse/define-command"
. 
. Defining command \addfontfeature with sig. 'm' on line 594.
.................................................
.................................................
. LaTeX info: "xparse/define-command"
. 
. Defining command \newfontfeature with sig. 'mm' on line 598.
.................................................
.................................................
. LaTeX info: "xparse/define-command"
. 
. Defining command \newAATfeature with sig. 'mmmm' on line 602.
.................................................
.................................................
. LaTeX info: "xparse/define-command"
. 
. Defining command \newopentypefeature with sig. 'mmm' on line 606.
.................................................
.................................................
. LaTeX info: "xparse/define-command"
. 
. Defining command \newICUfeature with sig. 'mmm' on line 610.
.................................................
.................................................
. LaTeX info: "xparse/define-command"
. 
. Defining command \aliasfontfeature with sig. 'mm' on line 614.
.................................................
.................................................
. LaTeX info: "xparse/define-command"
. 
. Defining command \aliasfontfeatureoption with sig. 'mmm' on line 618.
.................................................
.................................................
. LaTeX info: "xparse/define-command"
. 
. Defining command \newfontscript with sig. 'mm' on line 622.
.................................................
.................................................
. LaTeX info: "xparse/define-command"
. 
. Defining command \newfontlanguage with sig. 'mm' on line 626.
.................................................
.................................................
. LaTeX info: "xparse/define-command"
. 
. Defining command \DeclareFontsExtensions with sig. 'm' on line 630.
.................................................
.................................................
. LaTeX info: "xparse/define-command"
. 
. Defining command \IfFontFeatureActiveTF with sig. 'mmm' on line 634.
.................................................
.................................................
. LaTeX info: "xparse/define-command"
. 
. Defining command \EncodingCommand with sig. 'mO{}m' on line 3632.
.................................................
.................................................
. LaTeX info: "xparse/define-command"
. 
. Defining command \EncodingAccent with sig. 'mm' on line 3638.
.................................................
.................................................
. LaTeX info: "xparse/define-command"
. 
. Defining command \EncodingSymbol with sig. 'mm' on line 3644.
.................................................
.................................................
. LaTeX info: "xparse/define-command"
. 
. Defining command \EncodingComposite with sig. 'mmm' on line 3650.
.................................................
.................................................
. LaTeX info: "xparse/define-command"
. 
. Defining command \EncodingCompositeCommand with sig. 'mmm' on line 3656.
.................................................
.................................................
. LaTeX info: "xparse/define-command"
. 
. Defining command \DeclareUnicodeEncoding with sig. 'mm' on line 3681.
.................................................
.................................................
. LaTeX info: "xparse/define-command"
. 
. Defining command \UndeclareSymbol with sig. 'm' on line 3687.
.................................................
.................................................
. LaTeX info: "xparse/define-command"
. 
. Defining command \UndeclareAccent with sig. 'm' on line 3693.
.................................................
.................................................
. LaTeX info: "xparse/define-command"
. 
. Defining command \UndeclareCommand with sig. 'm' on line 3699.
.................................................
.................................................
. LaTeX info: "xparse/define-command"
. 
. Defining command \UndeclareComposite with sig. 'mm' on line 3706.
.................................................

(/usr/local/texlive/2018/texmf-dist/tex/latex/fontspec/fontspec.cfg)
LaTeX Info: Redefining \itshape on input line 3891.
LaTeX Info: Redefining \slshape on input line 3896.
LaTeX Info: Redefining \scshape on input line 3901.
LaTeX Info: Redefining \upshape on input line 3906.
LaTeX Info: Redefining \em on input line 3936.
LaTeX Info: Redefining \emph on input line 3961.
LaTeX Info: Redefining \- on input line 4015.
.................................................
. LaTeX info: "xparse/redefine-command"
. 
. Redefining command \oldstylenums with sig. 'm' on line 4110.
.................................................
.................................................
. LaTeX info: "xparse/define-command"
. 
. Defining command \liningnums with sig. 'm' on line 4114.
.................................................
))
(/usr/local/texlive/2018/texmf-dist/tex/latex/realscripts/realscripts.sty
Package: realscripts 2016/02/13 v0.3d Access OpenType subscripts and superscrip
ts
.................................................
. LaTeX info: "xparse/define-command"
. 
. Defining command \fakesubscript with sig. 'm' on line 19.
.................................................
.................................................
. LaTeX info: "xparse/define-command"
. 
. Defining command \fakesuperscript with sig. 'm' on line 22.
.................................................
.................................................
. LaTeX info: "xparse/redefine-command"
. 
. Redefining command \textsubscript with sig. 's' on line 25.
.................................................
.................................................
. LaTeX info: "xparse/redefine-command"
. 
. Redefining command \textsuperscript with sig. 's' on line 28.
.................................................
.................................................
. LaTeX info: "xparse/define-command"
. 
. Defining command \realsubscript with sig. 'm' on line 45.
.................................................
.................................................
. LaTeX info: "xparse/define-command"
. 
. Defining command \realsuperscript with sig. 'm' on line 60.
.................................................
.................................................
. LaTeX info: "xparse/define-command"
. 
. Defining command \textsubsuperscript with sig. 'sO{l}mm' on line 138.
.................................................
.................................................
. LaTeX info: "xparse/define-command"
. 
. Defining command \textsupersubscript with sig. 'sO{l}mm' on line 143.
.................................................
\subsupersep=\dimen137
)
(/usr/local/texlive/2018/texmf-dist/tex/latex/metalogo/metalogo.sty
Package: metalogo 2010/05/29 v0.12 Extended TeX logo macros

(/usr/local/texlive/2018/texmf-dist/tex/latex/graphics/graphicx.sty
Package: graphicx 2017/06/01 v1.1a Enhanced LaTeX Graphics (DPC,SPQR)

(/usr/local/texlive/2018/texmf-dist/tex/latex/graphics/keyval.sty
Package: keyval 2014/10/28 v1.15 key=value parser (DPC)
\KV@toks@=\toks14
)
(/usr/local/texlive/2018/texmf-dist/tex/latex/graphics/graphics.sty
Package: graphics 2017/06/25 v1.2c Standard LaTeX Graphics (DPC,SPQR)

(/usr/local/texlive/2018/texmf-dist/tex/latex/graphics/trig.sty
Package: trig 2016/01/03 v1.10 sin cos tan (DPC)
)
(/usr/local/texlive/2018/texmf-dist/tex/latex/graphics-cfg/graphics.cfg
File: graphics.cfg 2016/06/04 v1.11 sample graphics configuration
)
Package graphics Info: Driver file: xetex.def on input line 99.

(/usr/local/texlive/2018/texmf-dist/tex/latex/graphics-def/xetex.def
File: xetex.def 2017/06/24 v5.0h Graphics/color driver for xetex
))
\Gin@req@height=\dimen138
\Gin@req@width=\dimen139
)
\xl@everylogo=\toks15
\xl@@everylogo=\toks16
LaTeX Info: Redefining \TeX on input line 193.
LaTeX Info: Redefining \LaTeX on input line 202.
LaTeX Info: Redefining \LaTeXe on input line 219.
)
\l__xetex_show_hyphens_wrapping_box=\box41
\l__xetex_show_hyphens_temp_box=\box42
\l__xetex_show_hyphens_final_box=\box43
\g__xetex_show_hyphens_word_box=\box44
)
(/usr/local/texlive/2018/texmf-dist/tex/latex/xifthen/xifthen.sty
Package: xifthen 2015/11/05 v1.4.0 Extended ifthen features

(/usr/local/texlive/2018/texmf-dist/tex/latex/tools/calc.sty
Package: calc 2017/05/25 v4.3 Infix arithmetic (KKT,FJ)
\calc@Acount=\count180
\calc@Bcount=\count181
\calc@Adimen=\dimen140
\calc@Bdimen=\dimen141
\calc@Askip=\skip49
\calc@Bskip=\skip50
LaTeX Info: Redefining \setlength on input line 80.
LaTeX Info: Redefining \addtolength on input line 81.
\calc@Ccount=\count182
\calc@Cskip=\skip51
)
(/usr/local/texlive/2018/texmf-dist/tex/latex/base/ifthen.sty
Package: ifthen 2014/09/29 v1.1c Standard LaTeX ifthen package (DPC)
)
(/usr/local/texlive/2018/texmf-dist/tex/latex/ifmtarg/ifmtarg.sty
Package: ifmtarg 2009/09/02 v1.2a check for an empty argument
))
(/usr/local/texlive/2018/texmf-dist/tex/latex/hyperref/hyperref.sty
Package: hyperref 2018/02/06 v6.86b Hypertext links for LaTeX

(/usr/local/texlive/2018/texmf-dist/tex/generic/oberdiek/hobsub-hyperref.sty
Package: hobsub-hyperref 2016/05/16 v1.14 Bundle oberdiek, subset hyperref (HO)


(/usr/local/texlive/2018/texmf-dist/tex/generic/oberdiek/hobsub-generic.sty
Package: hobsub-generic 2016/05/16 v1.14 Bundle oberdiek, subset generic (HO)
Package: hobsub 2016/05/16 v1.14 Construct package bundles (HO)
Package: infwarerr 2016/05/16 v1.4 Providing info/warning/error messages (HO)
Package: ltxcmds 2016/05/16 v1.23 LaTeX kernel commands for general use (HO)
Package hobsub Info: Skipping package `ifluatex' (already loaded).
Package: ifvtex 2016/05/16 v1.6 Detect VTeX and its facilities (HO)
Package ifvtex Info: VTeX not detected.
Package: intcalc 2016/05/16 v1.2 Expandable calculations with integers (HO)
Package: ifpdf 2017/03/15 v3.2 Provides the ifpdf switch
Package: etexcmds 2016/05/16 v1.6 Avoid name clashes with e-TeX commands (HO)
Package etexcmds Info: Could not find \expanded.
(etexcmds)             That can mean that you are not using pdfTeX 1.50 or
(etexcmds)             that some package has redefined \expanded.
(etexcmds)             In the latter case, load this package earlier.
Package: kvsetkeys 2016/05/16 v1.17 Key value parser (HO)
Package: kvdefinekeys 2016/05/16 v1.4 Define keys (HO)
Package: pdftexcmds 2018/01/30 v0.27 Utility functions of pdfTeX for LuaTeX (HO
)
Package pdftexcmds Info: LuaTeX not detected.
Package pdftexcmds Info: pdfTeX >= 1.30 not detected.
Package pdftexcmds Info: \pdf@primitive is available.
Package pdftexcmds Info: \pdf@ifprimitive is available.
Package pdftexcmds Info: \pdfdraftmode not found.
Package: pdfescape 2016/05/16 v1.14 Implements pdfTeX's escape features (HO)
Package: bigintcalc 2016/05/16 v1.4 Expandable calculations on big integers (HO
)
Package: bitset 2016/05/16 v1.2 Handle bit-vector datatype (HO)
Package: uniquecounter 2016/05/16 v1.3 Provide unlimited unique counter (HO)
)
Package hobsub Info: Skipping package `hobsub' (already loaded).
Package: letltxmacro 2016/05/16 v1.5 Let assignment for LaTeX macros (HO)
Package: hopatch 2016/05/16 v1.3 Wrapper for package hooks (HO)
Package: xcolor-patch 2016/05/16 xcolor patch
Package: atveryend 2016/05/16 v1.9 Hooks at the very end of document (HO)
Package atveryend Info: \enddocument detected (standard20110627).
Package: atbegshi 2016/06/09 v1.18 At begin shipout hook (HO)
Package: refcount 2016/05/16 v3.5 Data extraction from label references (HO)
Package: hycolor 2016/05/16 v1.8 Color options for hyperref/bookmark (HO)
)
(/usr/local/texlive/2018/texmf-dist/tex/latex/oberdiek/auxhook.sty
Package: auxhook 2016/05/16 v1.4 Hooks for auxiliary files (HO)
)
(/usr/local/texlive/2018/texmf-dist/tex/latex/oberdiek/kvoptions.sty
Package: kvoptions 2016/05/16 v3.12 Key value format for package options (HO)
)
\@linkdim=\dimen142
\Hy@linkcounter=\count183
\Hy@pagecounter=\count184

(/usr/local/texlive/2018/texmf-dist/tex/latex/hyperref/pd1enc.def
File: pd1enc.def 2018/02/06 v6.86b Hyperref: PDFDocEncoding definition (HO)
)
\Hy@SavedSpaceFactor=\count185

(/usr/local/texlive/2018/texmf-dist/tex/latex/latexconfig/hyperref.cfg
File: hyperref.cfg 2002/06/06 v1.2 hyperref configuration of TeXLive
)
Package hyperref Info: Hyper figures OFF on input line 4509.
Package hyperref Info: Link nesting OFF on input line 4514.
Package hyperref Info: Hyper index ON on input line 4517.
Package hyperref Info: Plain pages OFF on input line 4524.
Package hyperref Info: Backreferencing OFF on input line 4529.
Package hyperref Info: Implicit mode ON; LaTeX internals redefined.
Package hyperref Info: Bookmarks ON on input line 4762.
\c@Hy@tempcnt=\count186

(/usr/local/texlive/2018/texmf-dist/tex/latex/url/url.sty
\Urlmuskip=\muskip16
Package: url 2013/09/16  ver 3.4  Verb mode for urls, etc.
)
LaTeX Info: Redefining \url on input line 5115.
\XeTeXLinkMargin=\dimen143
\Fld@menulength=\count187
\Field@Width=\dimen144
\Fld@charsize=\dimen145
Package hyperref Info: Hyper figures OFF on input line 6369.
Package hyperref Info: Link nesting OFF on input line 6374.
Package hyperref Info: Hyper index ON on input line 6377.
Package hyperref Info: backreferencing OFF on input line 6384.
Package hyperref Info: Link coloring OFF on input line 6389.
Package hyperref Info: Link coloring with OCG OFF on input line 6394.
Package hyperref Info: PDF/A mode OFF on input line 6399.
LaTeX Info: Redefining \ref on input line 6439.
LaTeX Info: Redefining \pageref on input line 6443.
\Hy@abspage=\count188
\c@Item=\count189
\c@Hfootnote=\count190
)
Package hyperref Info: Driver (autodetected): hxetex.

(/usr/local/texlive/2018/texmf-dist/tex/latex/hyperref/hxetex.def
File: hxetex.def 2018/02/06 v6.86b Hyperref driver for XeTeX

(/usr/local/texlive/2018/texmf-dist/tex/latex/hyperref/puenc.def
File: puenc.def 2018/02/06 v6.86b Hyperref: PDF Unicode definition (HO)
)
(/usr/local/texlive/2018/texmf-dist/tex/generic/oberdiek/stringenc.sty
Package: stringenc 2016/05/16 v1.11 Convert strings between diff. encodings (HO
)
)
\pdfm@box=\box45
\c@Hy@AnnotLevel=\count191
\HyField@AnnotCount=\count192
\Fld@listcount=\count193
\c@bookmark@seq@number=\count194

(/usr/local/texlive/2018/texmf-dist/tex/latex/oberdiek/rerunfilecheck.sty
Package: rerunfilecheck 2016/05/16 v1.8 Rerun checks for auxiliary files (HO)
Package uniquecounter Info: New unique counter `rerunfilecheck' on input line 2
82.
)
\Hy@SectionHShift=\skip52
)
(./fontawesome.sty
Package: fontawesome 2016/05/15 v4.6.3 font awesome icons
 (./fontawesomesymbols-generic.tex)
.................................................
. fontspec info: "no-scripts"
. 
. Font "FontAwesome" does not contain any OpenType `Script' information.
.................................................
\g__fontspec_family_FontAwesome_int=\count195
.................................................
. fontspec info: "defining-font"
. 
. Font family 'FontAwesome(0)' created for font 'FontAwesome' with options
. [Path = fonts/fontawesome/opentype/,Scale = 0.85,SmallCapsFont = *].
.  
.  This font family consists of the following NFSS series/shapes:
.  
. - 'normal' (m/n) with NFSS spec.:
. <->s*[0.85]"[fonts/fontawesome/opentype/FontAwesome]/OT"
. - 'small caps'  (m/sc) with NFSS spec.:
. <->s*[0.85]"[fonts/fontawesome/opentype/FontAwesome]/OT"
.................................................

(./fontawesomesymbols-xeluatex.tex))
\g__fontspec_family_texgyretermes_int=\count196
.................................................
. fontspec info: "defining-font"
. 
. Font family 'texgyretermes(0)' created for font 'texgyretermes' with options
. [Ligatures=TeX,Path = fonts/Main/,Extension = .otf,UprightFont =
. *-regular,BoldFont = *-bold,ItalicFont = *-italic,BoldItalicFont =
. *-bolditalic,SmallCapsFont = Fontin-SmallCaps].
.  
.  This font family consists of the following NFSS series/shapes:
.  
. - 'normal' (m/n) with NFSS spec.:
. <->"[fonts/Main/texgyretermes-regular.otf]/OT:script=latn;language=DFLT;mappi
ng=tex-text;"
. - 'small caps'  (m/sc) with NFSS spec.:
. <->"[fonts/Main/Fontin-SmallCaps.otf]/OT:script=latn;language=DFLT;mapping=te
x-text;"
. - 'bold' (bx/n) with NFSS spec.:
. <->"[fonts/Main/texgyretermes-bold.otf]/OT:script=latn;language=DFLT;mapping=
tex-text;"
. - 'bold small caps'  (bx/sc) with NFSS spec.:
. <->"[fonts/Main/Fontin-SmallCaps.otf]/OT:script=latn;language=DFLT;mapping=te
x-text;"
. - 'italic' (m/it) with NFSS spec.:
. <->"[fonts/Main/texgyretermes-italic.otf]/OT:script=latn;language=DFLT;mappin
g=tex-text;"
. - 'italic small caps'  (m/itsc) with NFSS spec.:
. <->"[fonts/Main/Fontin-SmallCaps.otf]/OT:script=latn;language=DFLT;mapping=te
x-text;"
. - 'bold italic' (bx/it) with NFSS spec.:
. <->"[fonts/Main/texgyretermes-bolditalic.otf]/OT:script=latn;language=DFLT;ma
pping=tex-text;"
. - 'bold italic small caps'  (bx/itsc) with NFSS spec.:
. <->"[fonts/Main/Fontin-SmallCaps.otf]/OT:script=latn;language=DFLT;mapping=te
x-text;"
.................................................
LaTeX Info: Redefining \rmfamily on input line 31.

(/usr/local/texlive/2018/texmf-dist/tex/latex/geometry/geometry.sty
Package: geometry 2018/03/24 v5.7 Page Geometry
\Gm@cnth=\count197
\Gm@cntv=\count198
\c@Gm@tempcnt=\count199
\Gm@bindingoffset=\dimen146
\Gm@wd@mp=\dimen147
\Gm@odd@mp=\dimen148
\Gm@even@mp=\dimen149
\Gm@layoutwidth=\dimen150
\Gm@layoutheight=\dimen151
\Gm@layouthoffset=\dimen152
\Gm@layoutvoffset=\dimen153
\Gm@dimlist=\toks17
)
(/usr/local/texlive/2018/texmf-dist/tex/latex/titlesec/titlesec.sty
Package: titlesec 2016/03/21 v2.10.2 Sectioning titles
\ttl@box=\box46
\beforetitleunit=\skip53
\aftertitleunit=\skip54
\ttl@plus=\dimen154
\ttl@minus=\dimen155
\ttl@toksa=\toks18
\titlewidth=\dimen156
\titlewidthlast=\dimen157
\titlewidthfirst=\dimen158
)
(/usr/local/texlive/2018/texmf-dist/tex/latex/enumitem/enumitem.sty
Package: enumitem 2011/09/28 v3.5.2 Customized lists
\labelindent=\skip55
\enit@outerparindent=\dimen159
\enit@toks=\toks19
\enit@inbox=\box47
\enitdp@description=\count266
)
(/usr/local/texlive/2018/texmf-dist/tex/generic/genmisc/nth.sty
Package: nth 2002/02/27
))
(./zh_CN-Adobefonts_external.sty
Package: zh_CN-Adobefonts_external 2015/05/25 zh_CN-Adobefonts_internal Package


(/usr/local/texlive/2018/texmf-dist/tex/xelatex/xecjk/xeCJK.sty
Package: xeCJK 2018/04/07 v3.7.0 Typesetting CJK scripts with XeLaTeX

(/usr/local/texlive/2018/texmf-dist/tex/latex/l3packages/xtemplate/xtemplate.st
y
Package: xtemplate 2018/02/21 L3 Experimental prototype document functions
\l__xtemplate_tmp_dim=\dimen160
\l__xtemplate_tmp_int=\count267
\l__xtemplate_tmp_muskip=\muskip17
\l__xtemplate_tmp_skip=\skip56
)
(/usr/local/texlive/2018/texmf-dist/tex/latex/l3packages/l3keys2e/l3keys2e.sty
Package: l3keys2e 2018/02/21 LaTeX2e option processing using LaTeX3 keys
)
\l__xeCJK_tmp_int=\count268
\l__xeCJK_tmp_box=\box48
\l__xeCJK_tmp_dim=\dimen161
\l__xeCJK_tmp_skip=\skip57
.................................................
. LaTeX info: "xparse/define-command"
. 
. Defining command \xeCJKShipoutHook with sig. '' on line 150.
.................................................
\g__xeCJK_space_factor_int=\count269
\l__xeCJK_begin_int=\count270
\l__xeCJK_end_int=\count271
.................................................
. LaTeX info: "xparse/define-command"
. 
. Defining command \makexeCJKactive with sig. '' on line 396.
.................................................
.................................................
. LaTeX info: "xparse/define-command"
. 
. Defining command \makexeCJKinactive with sig. '' on line 398.
.................................................
\c__xeCJK_CJK_class_int=\XeTeXcharclass1
\c__xeCJK_FullLeft_class_int=\XeTeXcharclass2
\c__xeCJK_FullRight_class_int=\XeTeXcharclass3
\c__xeCJK_HalfLeft_class_int=\XeTeXcharclass4
\c__xeCJK_HalfRight_class_int=\XeTeXcharclass5
\c__xeCJK_NormalSpace_class_int=\XeTeXcharclass6
\c__xeCJK_CM_class_int=\XeTeXcharclass7
\c__xeCJK_HangulJamo_class_int=\XeTeXcharclass8
.................................................
. LaTeX info: "xparse/define-command"
. 
. Defining command \xeCJKDeclareCharClass with sig. 's>{\TrimSpaces }mm' on
. line 580.
.................................................
.................................................
. LaTeX info: "xparse/define-command"
. 
. Defining command \__xeCJK_set_char_class_aux:Nnw with sig.
. 'm>{\SplitArgument {1}{->}}m' on line 601.
.................................................
.................................................
. LaTeX info: "xparse/define-command"
. 
. Defining command \normalspacedchars with sig. 'm' on line 647.
.................................................
.................................................
. LaTeX info: "xparse/define-command"
. 
. Defining command \xeCJKResetPunctClass with sig. '' on line 658.
.................................................
.................................................
. LaTeX info: "xparse/define-command"
. 
. Defining command \xeCJKResetCharClass with sig. '' on line 670.
.................................................
\l__xeCJK_last_skip=\skip58
\g__xeCJK_node_int=\count272
\c__xeCJK_CJK_node_dim=\dimen162
\c__xeCJK_CJK-space_node_dim=\dimen163
\c__xeCJK_default_node_dim=\dimen164
\c__xeCJK_default-space_node_dim=\dimen165
\c__xeCJK_CJK-widow_node_dim=\dimen166
\c__xeCJK_normalspace_node_dim=\dimen167
\l__xeCJK_ccglue_skip=\skip59
\l__xeCJK_ecglue_skip=\skip60
\l__xeCJK_punct_kern_skip=\skip61
\l__xeCJK_last_penalty_int=\count273
\l__xeCJK_last_bound_dim=\dimen168
\l__xeCJK_last_kern_dim=\dimen169
.................................................
. LaTeX info: "xparse/define-command"
. 
. Defining command \xeCJKnobreak with sig. '' on line 1889.
.................................................
\l__xeCJK_widow_penalty_int=\count274
.................................................
. LaTeX info: "xparse/define-command"
. 
. Defining command \xeCJKDeclareSubCJKBlock with sig. 's>{\TrimSpaces }mm' on
. line 2084.
.................................................
.................................................
. LaTeX info: "xparse/define-command"
. 
. Defining command \xeCJKCancelSubCJKBlock with sig. 'sm' on line 2095.
.................................................
.................................................
. LaTeX info: "xparse/define-command"
. 
. Defining command \xeCJKRestoreSubCJKBlock with sig. 'sm' on line 2104.
.................................................
.................................................
. LaTeX info: "xparse/define-command"
. 
. Defining command \xeCJKsetwidth with sig. 'smm' on line 2202.
.................................................
.................................................
. LaTeX info: "xparse/define-command"
. 
. Defining command \xeCJKsetkern with sig. 'mmm' on line 2206.
.................................................
.................................................
. xtemplate info: "declare-object-type"
. 
. Declaring object type 'xeCJK/punctuation' taking 0 argument(s) on line 2362.
.................................................
\l__xeCJK_fixed_punct_width_dim=\dimen170
\l__xeCJK_mixed_punct_width_dim=\dimen171
\l__xeCJK_middle_punct_width_dim=\dimen172
\l__xeCJK_fixed_margin_width_dim=\dimen173
\l__xeCJK_mixed_margin_width_dim=\dimen174
\l__xeCJK_middle_margin_width_dim=\dimen175
\l__xeCJK_bound_punct_width_dim=\dimen176
\l__xeCJK_bound_margin_width_dim=\dimen177
\l__xeCJK_margin_minimum_dim=\dimen178
\l__xeCJK_kerning_total_width_dim=\dimen179
\l__xeCJK_same_align_margin_dim=\dimen180
\l__xeCJK_different_align_margin_dim=\dimen181
\l__xeCJK_kerning_margin_width_dim=\dimen182
\l__xeCJK_kerning_margin_minimum_dim=\dimen183
\l__xeCJK_bound_dim=\dimen184
\l__xeCJK_reverse_bound_dim=\dimen185
\l__xeCJK_minimum_bound_dim=\dimen186
\l__xeCJK_kerning_margin_dim=\dimen187
\l__xeCJK_original_margin_dim=\dimen188
.................................................
. LaTeX info: "xparse/define-command"
. 
. Defining command \xeCJKDeclarePunctStyle with sig. '>{\TrimSpaces }mm' on
. line 2942.
.................................................
.................................................
. LaTeX info: "xparse/define-command"
. 
. Defining command \xeCJKEditPunctStyle with sig. '>{\TrimSpaces }mm' on line
. 2955.
.................................................
.................................................
. LaTeX info: "xparse/define-command"
. 
. Defining command \setCJKfallbackfamilyfont with sig. 'mom' on line 3059.
.................................................
\g__xeCJK_family_int=\count275
.................................................
. LaTeX info: "xparse/define-command"
. 
. Defining command \CJKfamily with sig. 't+t-m' on line 3493.
.................................................
.................................................
. LaTeX info: "xparse/define-command"
. 
. Defining command \__xeCJK_gobble_CJKfamily:wn with sig. 't+t-m' on line
. 3558.
.................................................
.................................................
. LaTeX info: "xparse/define-command"
. 
. Defining command \__xeCJK_post_arg:w with sig. 'mmmO{}' on line 3618.
.................................................
.................................................
. LaTeX info: "xparse/define-command"
. 
. Defining command \setCJKmainfont with sig. 'om' on line 3624.
.................................................
.................................................
. LaTeX info: "xparse/define-command"
. 
. Defining command \setCJKsansfont with sig. 'om' on line 3631.
.................................................
.................................................
. LaTeX info: "xparse/define-command"
. 
. Defining command \setCJKmonofont with sig. 'om' on line 3637.
.................................................
.................................................
. LaTeX info: "xparse/define-command"
. 
. Defining command \setCJKfamilyfont with sig. 'mom' on line 3648.
.................................................
.................................................
. LaTeX info: "xparse/define-command"
. 
. Defining command \newCJKfontfamily with sig. 'omom' on line 3658.
.................................................
.................................................
. LaTeX info: "xparse/define-command"
. 
. Defining command \CJKfontspec with sig. 'om' on line 3664.
.................................................
.................................................
. LaTeX info: "xparse/define-command"
. 
. Defining command \defaultCJKfontfeatures with sig. 'm' on line 3687.
.................................................
.................................................
. LaTeX info: "xparse/define-command"
. 
. Defining command \addCJKfontfeatures with sig. 'sO{}m' on line 3693.
.................................................
.................................................
. LaTeX info: "xparse/define-command"
. 
. Defining command \setCJKmathfont with sig. 'om' on line 3870.
.................................................
\l__xeCJK_fam_int=\count276
\g__xeCJK_fam_allocation_int=\count277
\l__xeCJK_verb_case_int=\count278
.................................................
. LaTeX info: "xparse/define-command"
. 
. Defining command \xeCJKVerbAddon with sig. '' on line 4117.
.................................................
.................................................
. LaTeX info: "xparse/define-command"
. 
. Defining command \xeCJKOffVerbAddon with sig. '' on line 4121.
.................................................
\l__xeCJK_verb_exspace_skip=\skip62
.................................................
. LaTeX info: "xparse/define-command"
. 
. Defining command \xeCJKsetup with sig. '+m' on line 4422.
.................................................
.................................................
. LaTeX info: "xparse/define-command"
. 
. Defining command \xeCJKsetemboldenfactor with sig. 'm' on line 4424.
.................................................
.................................................
. LaTeX info: "xparse/define-command"
. 
. Defining command \xeCJKsetslantfactor with sig. 'm' on line 4426.
.................................................
.................................................
. LaTeX info: "xparse/define-command"
. 
. Defining command \punctstyle with sig. 'm' on line 4427.
.................................................
.................................................
. LaTeX info: "xparse/define-command"
. 
. Defining command \xeCJKplainchr with sig. '' on line 4428.
.................................................
.................................................
. LaTeX info: "xparse/define-command"
. 
. Defining command \CJKsetecglue with sig. 'm' on line 4429.
.................................................
.................................................
. LaTeX info: "xparse/define-command"
. 
. Defining command \CJKspace with sig. '' on line 4431.
.................................................
.................................................
. LaTeX info: "xparse/define-command"
. 
. Defining command \CJKnospace with sig. '' on line 4432.
.................................................
.................................................
. LaTeX info: "xparse/define-command"
. 
. Defining command \xeCJKallowbreakbetweenpuncts with sig. '' on line 4434.
.................................................
.................................................
. LaTeX info: "xparse/define-command"
. 
. Defining command \xeCJKnobreakbetweenpuncts with sig. '' on line 4436.
.................................................
.................................................
. LaTeX info: "xparse/define-command"
. 
. Defining command \xeCJKenablefallback with sig. '' on line 4438.
.................................................
.................................................
. LaTeX info: "xparse/define-command"
. 
. Defining command \xeCJKdisablefallback with sig. '' on line 4440.
.................................................
.................................................
. LaTeX info: "xparse/define-command"
. 
. Defining command \xeCJKsetcharclass with sig. 'mmm' on line 4445.
.................................................
.................................................
. LaTeX info: "xparse/redefine-command"
. 
. Redefining command \fontfamily with sig. 'm' on line 4628.
.................................................
(/usr/local/texlive/2018/texmf-dist/tex/xelatex/xecjk/xeCJK.cfg
File: xeCJK.cfg 2018/04/07 v3.7.0 Configuration file for xeCJK package
))
\g__fontspec_family_AdobeSongStd-Light.otf_int=\count279
.................................................
. fontspec info: "defining-font"
. 
. Font family 'AdobeSongStd-Light.otf(0)' created for font
. 'AdobeSongStd-Light.otf' with options [Path =
. fonts/zh_CN-Adobe/,Mapping=tex-text,Script={CJK},SmallCapsFont={AdobeHeitiStd
-Regular.otf},BoldFont={AdobeHeitiStd-Regular.otf},ItalicFont={AdobeKaitiStd-Re
gular.otf}].
.  
.  This font family consists of the following NFSS series/shapes:
.  
. - 'normal' (m/n) with NFSS spec.:
. <->"[fonts/zh_CN-Adobe/AdobeSongStd-Light.otf]/OT:script=hani;language=DFLT;m
apping=tex-text;"
. - 'small caps'  (m/sc) with NFSS spec.:
. <->"[fonts/zh_CN-Adobe/AdobeHeitiStd-Regular.otf]/OT:script=hani;language=DFL
T;mapping=tex-text;"
. - 'bold' (bx/n) with NFSS spec.:
. <->"[fonts/zh_CN-Adobe/AdobeHeitiStd-Regular.otf]/OT:script=hani;language=DFL
T;mapping=tex-text;"
. - 'bold small caps'  (bx/sc) with NFSS spec.:
. <->"[fonts/zh_CN-Adobe/AdobeHeitiStd-Regular.otf]/OT:script=hani;language=DFL
T;mapping=tex-text;"
. - 'italic' (m/it) with NFSS spec.:
. <->"[fonts/zh_CN-Adobe/AdobeKaitiStd-Regular.otf]/OT:script=hani;language=DFL
T;mapping=tex-text;"
. - 'italic small caps'  (m/itsc) with NFSS spec.:
. <->"[fonts/zh_CN-Adobe/AdobeHeitiStd-Regular.otf]/OT:script=hani;language=DFL
T;mapping=tex-text;"
.................................................
)
(./linespacing_fix.sty
Package: linespacing_fix 2015/06/06 linespacing_fix Package

(/usr/local/texlive/2018/texmf-dist/tex/latex/setspace/setspace.sty
Package: setspace 2011/12/19 v6.7a set line spacing
)
\modparskip=\skip63
\modbaselineskip=\skip64
)
(/usr/local/texlive/2018/texmf-dist/tex/latex/cite/cite.sty
LaTeX Info: Redefining \cite on input line 302.
LaTeX Info: Redefining \nocite on input line 332.
Package: cite 2015/02/27  v 5.5
)
(./resume-zh_CN.aux)
\openout1 = `resume-zh_CN.aux'.

LaTeX Font Info:    Checking defaults for OML/cmm/m/it on input line 9.
LaTeX Font Info:    ... okay on input line 9.
LaTeX Font Info:    Checking defaults for T1/cmr/m/n on input line 9.
LaTeX Font Info:    ... okay on input line 9.
LaTeX Font Info:    Checking defaults for OT1/cmr/m/n on input line 9.
LaTeX Font Info:    ... okay on input line 9.
LaTeX Font Info:    Checking defaults for OMS/cmsy/m/n on input line 9.
LaTeX Font Info:    ... okay on input line 9.
LaTeX Font Info:    Checking defaults for TU/lmr/m/n on input line 9.
LaTeX Font Info:    ... okay on input line 9.
LaTeX Font Info:    Checking defaults for OMX/cmex/m/n on input line 9.
LaTeX Font Info:    ... okay on input line 9.
LaTeX Font Info:    Checking defaults for U/cmr/m/n on input line 9.
LaTeX Font Info:    ... okay on input line 9.
LaTeX Font Info:    Checking defaults for PD1/pdf/m/n on input line 9.
LaTeX Font Info:    ... okay on input line 9.
LaTeX Font Info:    Checking defaults for PU/pdf/m/n on input line 9.
LaTeX Font Info:    ... okay on input line 9.
.................................................
. fontspec info: "setup-math"
. 
. Adjusting the maths setup (use [no-math] to avoid this).
.................................................
\symlegacymaths=\mathgroup4
LaTeX Font Info:    Overwriting symbol font `legacymaths' in version `bold'
(Font)                  OT1/cmr/m/n --> OT1/cmr/bx/n on input line 9.
LaTeX Font Info:    Redeclaring math accent \acute on input line 9.
LaTeX Font Info:    Redeclaring math accent \grave on input line 9.
LaTeX Font Info:    Redeclaring math accent \ddot on input line 9.
LaTeX Font Info:    Redeclaring math accent \tilde on input line 9.
LaTeX Font Info:    Redeclaring math accent \bar on input line 9.
LaTeX Font Info:    Redeclaring math accent \breve on input line 9.
LaTeX Font Info:    Redeclaring math accent \check on input line 9.
LaTeX Font Info:    Redeclaring math accent \hat on input line 9.
LaTeX Font Info:    Redeclaring math accent \dot on input line 9.
LaTeX Font Info:    Redeclaring math accent \mathring on input line 9.
LaTeX Font Info:    Redeclaring math symbol \colon on input line 9.
LaTeX Font Info:    Redeclaring math symbol \Gamma on input line 9.
LaTeX Font Info:    Redeclaring math symbol \Delta on input line 9.
LaTeX Font Info:    Redeclaring math symbol \Theta on input line 9.
LaTeX Font Info:    Redeclaring math symbol \Lambda on input line 9.
LaTeX Font Info:    Redeclaring math symbol \Xi on input line 9.
LaTeX Font Info:    Redeclaring math symbol \Pi on input line 9.
LaTeX Font Info:    Redeclaring math symbol \Sigma on input line 9.
LaTeX Font Info:    Redeclaring math symbol \Upsilon on input line 9.
LaTeX Font Info:    Redeclaring math symbol \Phi on input line 9.
LaTeX Font Info:    Redeclaring math symbol \Psi on input line 9.
LaTeX Font Info:    Redeclaring math symbol \Omega on input line 9.
LaTeX Font Info:    Redeclaring math symbol \mathdollar on input line 9.
LaTeX Font Info:    Redeclaring symbol font `operators' on input line 9.
LaTeX Font Info:    Encoding `OT1' has changed to `TU' for symbol font
(Font)              `operators' in the math version `normal' on input line 9.
LaTeX Font Info:    Overwriting symbol font `operators' in version `normal'
(Font)                  OT1/cmr/m/n --> TU/texgyretermes(0)/m/n on input line 9
.
LaTeX Font Info:    Encoding `OT1' has changed to `TU' for symbol font
(Font)              `operators' in the math version `bold' on input line 9.
LaTeX Font Info:    Overwriting symbol font `operators' in version `bold'
(Font)                  OT1/cmr/bx/n --> TU/texgyretermes(0)/m/n on input line 
9.
LaTeX Font Info:    Overwriting symbol font `operators' in version `normal'
(Font)                  TU/texgyretermes(0)/m/n --> TU/texgyretermes(0)/m/n on 
input line 9.
LaTeX Font Info:    Overwriting math alphabet `\mathit' in version `normal'
(Font)                  OT1/cmr/m/it --> TU/texgyretermes(0)/m/it on input line
 9.
LaTeX Font Info:    Overwriting math alphabet `\mathbf' in version `normal'
(Font)                  OT1/cmr/bx/n --> TU/texgyretermes(0)/bx/n on input line
 9.
LaTeX Font Info:    Overwriting math alphabet `\mathsf' in version `normal'
(Font)                  OT1/cmss/m/n --> TU/lmss/m/n on input line 9.
LaTeX Font Info:    Overwriting math alphabet `\mathtt' in version `normal'
(Font)                  OT1/cmtt/m/n --> TU/lmtt/m/n on input line 9.
LaTeX Font Info:    Overwriting symbol font `operators' in version `bold'
(Font)                  TU/texgyretermes(0)/m/n --> TU/texgyretermes(0)/bx/n on
 input line 9.
LaTeX Font Info:    Overwriting math alphabet `\mathit' in version `bold'
(Font)                  OT1/cmr/bx/it --> TU/texgyretermes(0)/bx/it on input li
ne 9.
LaTeX Font Info:    Overwriting math alphabet `\mathsf' in version `bold'
(Font)                  OT1/cmss/bx/n --> TU/lmss/bx/n on input line 9.
LaTeX Font Info:    Overwriting math alphabet `\mathtt' in version `bold'
(Font)                  OT1/cmtt/m/n --> TU/lmtt/bx/n on input line 9.
\AtBeginShipoutBox=\box49
Package hyperref Info: Link coloring OFF on input line 9.

(/usr/local/texlive/2018/texmf-dist/tex/latex/hyperref/nameref.sty
Package: nameref 2016/05/21 v2.44 Cross-referencing by name of section

(/usr/local/texlive/2018/texmf-dist/tex/generic/oberdiek/gettitlestring.sty
Package: gettitlestring 2016/05/16 v1.5 Cleanup title references (HO)
)
\c@section@level=\count280
)
LaTeX Info: Redefining \ref on input line 9.
LaTeX Info: Redefining \pageref on input line 9.
LaTeX Info: Redefining \nameref on input line 9.

(./resume-zh_CN.out) (./resume-zh_CN.out)
\@outlinefile=\write3
\openout3 = `resume-zh_CN.out'.


*geometry* driver: auto-detecting
*geometry* detected driver: xetex
*geometry* verbose mode - [ preamble ] result:
* driver: xetex
* paper: a4paper
* layout: <same size as paper>
* layoutoffset:(h,v)=(0.0pt,0.0pt)
* modes: 
* h-part:(L,W,R)=(57.81621pt, 481.87546pt, 57.81621pt)
* v-part:(T,H,B)=(50.58878pt, 754.70935pt, 39.74872pt)
* \paperwidth=597.50787pt
* \paperheight=845.04684pt
* \textwidth=481.87546pt
* \textheight=754.70935pt
* \oddsidemargin=-14.45378pt
* \evensidemargin=-14.45378pt
* \topmargin=-21.68121pt
* \headheight=0.0pt
* \headsep=0.0pt
* \topskip=11.0pt
* \footskip=30.0pt
* \marginparwidth=59.0pt
* \marginparsep=10.0pt
* \columnsep=10.0pt
* \skip\footins=10.0pt plus 4.0pt minus 2.0pt
* \hoffset=0.0pt
* \voffset=0.0pt
* \mag=1000
* \@twocolumnfalse
* \@twosidefalse
* \@mparswitchfalse
* \@reversemarginfalse
* (1in=72.27pt=25.4mm, 1cm=28.453pt)

\g__fontspec_family_AdobeHeitiStd-Regular.otf_int=\count281
.................................................
. fontspec info: "defining-font"
. 
. Font family 'AdobeHeitiStd-Regular.otf(0)' created for font
. 'AdobeHeitiStd-Regular.otf' with options [Path =
. fonts/zh_CN-Adobe/,Mapping=tex-text,Script={CJK}].
.  
.  This font family consists of the following NFSS series/shapes:
.  
. - 'normal' (m/n) with NFSS spec.:
. <->"[fonts/zh_CN-Adobe/AdobeHeitiStd-Regular.otf]/OT:script=hani;language=DFL
T;mapping=tex-text;"
. - 'small caps'  (m/sc) with NFSS spec.: 
.................................................
LaTeX Font Info:    Font shape `TU/FontAwesome(0)/m/n' will be
(Font)              scaled to size 10.20007pt on input line 16.
LaTeX Font Info:    Font shape `TU/FontAwesome(0)/m/sc' will be
(Font)              scaled to size 12.24008pt on input line 20.

Package hyperref Warning: Token not allowed in a PDF string (Unicode):
(hyperref)                removing `\char' on input line 20.

(/usr/local/texlive/2018/texmf-dist/tex/generic/oberdiek/se-ascii-print.def
File: se-ascii-print.def 2016/05/16 v1.11 stringenc: Printable ASCII characters

)

Package hyperref Warning: Token not allowed in a PDF string (Unicode):
(hyperref)                \hskip 10.95pt
(hyperref)                replaced by space on input line 21.


Package hyperref Warning: Token not allowed in a PDF string (Unicode):
(hyperref)                \hskip 10.95pt
(hyperref)                replaced by space on input line 21.


Package hyperref Warning: Token not allowed in a PDF string (Unicode):
(hyperref)                \hskip 10.95pt
(hyperref)                replaced by space on input line 21.


Package hyperref Warning: Token not allowed in a PDF string (Unicode):
(hyperref)                \hskip 10.95pt
(hyperref)                replaced by space on input line 22.


Package hyperref Warning: Token not allowed in a PDF string (Unicode):
(hyperref)                \hskip 10.95pt
(hyperref)                replaced by space on input line 22.


Package hyperref Warning: Token not allowed in a PDF string (Unicode):
(hyperref)                \hskip 10.95pt
(hyperref)                replaced by space on input line 22.


Package hyperref Warning: Token not allowed in a PDF string (Unicode):
(hyperref)                \hskip 10.95pt
(hyperref)                replaced by space on input line 22.


Package hyperref Warning: Token not allowed in a PDF string (Unicode):
(hyperref)                \hskip 10.95pt
(hyperref)                replaced by space on input line 22.


Package hyperref Warning: Token not allowed in a PDF string (Unicode):
(hyperref)                \hskip 10.95pt
(hyperref)                replaced by space on input line 22.


Package hyperref Warning: Token not allowed in a PDF string (Unicode):
(hyperref)                \hskip 10.95pt
(hyperref)                replaced by space on input line 22.


Package hyperref Warning: Token not allowed in a PDF string (Unicode):
(hyperref)                \hskip 10.95pt
(hyperref)                replaced by space on input line 22.


Package hyperref Warning: Token not allowed in a PDF string (Unicode):
(hyperref)                removing `\char' on input line 25.


Package hyperref Warning: Token not allowed in a PDF string (Unicode):
(hyperref)                \hskip 10.95pt
(hyperref)                replaced by space on input line 26.


Package hyperref Warning: Token not allowed in a PDF string (Unicode):
(hyperref)                \hskip 10.95pt
(hyperref)                replaced by space on input line 26.


Package hyperref Warning: Token not allowed in a PDF string (Unicode):
(hyperref)                \hskip 10.95pt
(hyperref)                replaced by space on input line 26.


Package hyperref Warning: Token not allowed in a PDF string (Unicode):
(hyperref)                \hskip 10.95pt
(hyperref)                replaced by space on input line 26.


Package hyperref Warning: Token not allowed in a PDF string (Unicode):
(hyperref)                \hskip 10.95pt
(hyperref)                replaced by space on input line 26.


Package hyperref Warning: Token not allowed in a PDF string (Unicode):
(hyperref)                \hskip 10.95pt
(hyperref)                replaced by space on input line 26.


Package hyperref Warning: Token not allowed in a PDF string (Unicode):
(hyperref)                \hskip 10.95pt
(hyperref)                replaced by space on input line 26.


Package hyperref Warning: Token not allowed in a PDF string (Unicode):
(hyperref)                \hskip 10.95pt
(hyperref)                replaced by space on input line 33.


Package hyperref Warning: Token not allowed in a PDF string (Unicode):
(hyperref)                \hskip 10.95pt
(hyperref)                replaced by space on input line 33.


Package hyperref Warning: Token not allowed in a PDF string (Unicode):
(hyperref)                \hskip 10.95pt
(hyperref)                replaced by space on input line 33.


Package hyperref Warning: Token not allowed in a PDF string (Unicode):
(hyperref)                \hskip 10.95pt
(hyperref)                replaced by space on input line 33.


Package hyperref Warning: Token not allowed in a PDF string (Unicode):
(hyperref)                \hskip 10.95pt
(hyperref)                replaced by space on input line 33.


Package hyperref Warning: Token not allowed in a PDF string (Unicode):
(hyperref)                \hskip 10.95pt
(hyperref)                replaced by space on input line 33.


Package hyperref Warning: Token not allowed in a PDF string (Unicode):
(hyperref)                removing `\char' on input line 42.


Package hyperref Warning: Token not allowed in a PDF string (Unicode):
(hyperref)                \hskip 10.95pt
(hyperref)                replaced by space on input line 51.


Package hyperref Warning: Token not allowed in a PDF string (Unicode):
(hyperref)                \hskip 10.95pt
(hyperref)                replaced by space on input line 51.


Package hyperref Warning: Token not allowed in a PDF string (Unicode):
(hyperref)                \hskip 10.95pt
(hyperref)                replaced by space on input line 51.


Package hyperref Warning: Token not allowed in a PDF string (Unicode):
(hyperref)                \hskip 10.95pt
(hyperref)                replaced by space on input line 51.


Package hyperref Warning: Token not allowed in a PDF string (Unicode):
(hyperref)                \hskip 10.95pt
(hyperref)                replaced by space on input line 51.


Package hyperref Warning: Token not allowed in a PDF string (Unicode):
(hyperref)                \hskip 10.95pt
(hyperref)                replaced by space on input line 51.


Package hyperref Warning: Token not allowed in a PDF string (Unicode):
(hyperref)                \hskip 10.95pt
(hyperref)                replaced by space on input line 51.


Package hyperref Warning: Token not allowed in a PDF string (Unicode):
(hyperref)                \hskip 10.95pt
(hyperref)                replaced by space on input line 51.


Package hyperref Warning: Token not allowed in a PDF string (Unicode):
(hyperref)                removing `\char' on input line 63.


Package hyperref Warning: Token not allowed in a PDF string (Unicode):
(hyperref)                removing `\char' on input line 75.

Package atveryend Info: Empty hook `BeforeClearDocument' on input line 84.
[1

]
Package atveryend Info: Empty hook `AfterLastShipout' on input line 84.
 (./resume-zh_CN.aux)
Package atveryend Info: Empty hook `AtVeryEndDocument' on input line 84.
Package atveryend Info: Executing hook `AtEndAfterFileList' on input line 84.
Package rerunfilecheck Info: File `resume-zh_CN.out' has not changed.
(rerunfilecheck)             Checksum: 2224CA766FC1E51413A7D11C1F9DB842.
Package atveryend Info: Empty hook `AtVeryVeryEnd' on input line 84.
 ) 
Here is how much of TeX's memory you used:
 22320 strings out of 492970
 438989 string characters out of 6133938
 551433 words of memory out of 5000000
 26163 multiletter control sequences out of 15000+600000
 530872 words of font info for 53 fonts, out of 8000000 for 9000
 1348 hyphenation exceptions out of 8191
 53i,4n,74p,10513b,337s stack positions out of 5000i,500n,10000p,200000b,80000s

Output written on resume-zh_CN.pdf (1 page).
